<?xml version="1.0" encoding="UTF-8"?>
<!-- Generated by org.testng.reporters.JUnitXMLReporter -->
<testsuite ignored="0" hostname="LAPTOP-BOGG50BI" failures="0" tests="6" name="Default test" time="150.125" errors="0" timestamp="2021-09-22T06:57:38 IST">
  <testcase classname="com.ap.test.registration_test" name="CreateEmail_address" time="22.612"/>
  <testcase classname="com.ap.test.registration_test" name="validRegister" time="29.411"/>
  <testcase classname="com.ap.test.registration_test" name="testValidLogin" time="37.677"/>
  <testcase classname="com.ap.test.registration_test" name="CreateEmail_addressForInvalidRegister" time="10.272"/>
  <testcase classname="com.ap.test.registration_test" name="InvalidRegister" time="14.298"/>
  <testcase classname="com.ap.test.registration_test" name="testInValidLogin" time="16.045"/>
</testsuite> <!-- Default test -->
